19:28:36 **** Programming project stm32f401xx_drivers on chip ****
"D:\\Ac6\\SystemWorkbench\\plugins\\fr.ac6.mcu.externaltools.openocd.win32_1.21.0.201811131241\\tools\\openocd\\bin\\openocd.exe" -f stm32.flash.2958728342326055025.cfg -s "D:\\Users\\aruna\\Embedded_Projects\\workspace\\Firmware_From_Scratch\\stm32f401xx_drivers" -s "D:\\Ac6\\SystemWorkbench\\plugins\\fr.ac6.mcu.debug_2.3.1.201811131241\\resources\\openocd\\st_scripts" -c "program Debug/stm32f401xx_drivers.elf verify reset exit" 
Open On-Chip Debugger 0.10.0-dev-00015-gaaf1808 (2018-11-13-13:07)
Licensed under GNU GPL v2
For bug reports, read
	http://openocd.org/doc/doxygen/bugs.html
srst_only separate srst_nogate srst_open_drain connect_assert_srst
Info : The selected transport took over low-level target control. The results might differ compared to plain JTAG/SWD
adapter_nsrst_delay: 100
adapter speed: 1800 kHz
Info : clock speed 1800 kHz
Info : STLINK v2.1 JTAG v33 API v2 M25 VID 0x0483 PID 0x374B
Info : using stlink api v2
Info : Target voltage: 3.254104
Info : Stlink adapter speed set to 1800 kHz
Info : STM32F401RETx.cpu: hardware has 6 breakpoints, 4 watchpoints
Info : Stlink adapter speed set to 1800 kHz
adapter speed: 1800 kHz
target halted due to debug-request, current mode: Thread 
xPSR: 0x01000000 pc: 0x08000bd0 msp: 0x20018000
configuring PLL
Info : Stlink adapter speed set to 4000 kHz
adapter speed: 4000 kHz
** Programming Started **
auto erase enabled
Info : device id = 0x10016433
Info : flash size = 512kbytes
target halted due to breakpoint, current mode: Thread 
xPSR: 0x61000000 pc: 0x20000046 msp: 0x20018000
wrote 16384 bytes from file Debug/stm32f401xx_drivers.elf in 0.549945s (29.094 KiB/s)
** Programming Finished **
** Verify Started **
target halted due to breakpoint, current mode: Thread 
xPSR: 0x61000000 pc: 0x2000002e msp: 0x20018000
target halted due to breakpoint, current mode: Thread 
xPSR: 0x61000000 pc: 0x2000002e msp: 0x20018000
verified 4588 bytes in 0.130099s (34.439 KiB/s)
** Verified OK **
** Resetting Target **
Info : Stlink adapter speed set to 1800 kHz
adapter speed: 1800 kHz
shutdown command invoked

19:28:37 Build Finished (took 1s.211ms)

